<?xml version="1.0" encoding="UTF-8"?>
<!-- Generated by org.testng.reporters.JUnitXMLReporter -->
<testsuite ignored="0" hostname="Hp" failures="1" tests="9" name="Test" time="34.389" errors="0" timestamp="2025-09-03T20:24:39 IST">
  <testcase classname="testcases.doctor_testcase" name="verifyTitleOfTheHomePage" time="2.877"/>
  <testcase classname="testcases.doctor_testcase" name="verifyAllSubModulesArePresent" time="10.627"/>
  <testcase classname="testcases.doctor_testcase" name="validateTheCheckBox" time="0.772"/>
  <testcase classname="testcases.doctor_testcase" name="selectNEUROSURGERYFromDepartmentDropdownAndVerifySelection" time="2.452"/>
  <testcase classname="testcases.doctor_testcase" name="verifyTheButtonsArePresentOrNot" time="0.249"/>
  <testcase classname="testcases.doctor_testcase" name="verifyTitleOfTheForm" time="3.471"/>
  <testcase classname="testcases.doctor_testcase" name="verifyTheName" time="2.921"/>
  <testcase classname="testcases.doctor_testcase" name="verifyTheErrorMessage" time="2.694"/>
  <testcase classname="testcases.doctor_testcase" name="performScrollingOpertaionAndVerifyThePresenceOfButton" time="0.0">
    <failure type="java.lang.Error" message="Unresolved compilation problem: 
	The method performScrollingOpertaionAndVerifyTheUpdateButtonIsPresent() is undefined for the type doctor_Pages
">
      <![CDATA[java.lang.Error: Unresolved compilation problem: 
The method performScrollingOpertaionAndVerifyTheUpdateButtonIsPresent() is undefined for the type doctor_Pages

at testcases.doctor_testcase.performScrollingOpertaionAndVerifyThePresenceOfButton(doctor_testcase.java:164)
at java.base/java.util.concurrent.ThreadPoolExecutor.runWorker(ThreadPoolExecutor.java:1144)
at java.base/java.util.concurrent.ThreadPoolExecutor$Worker.run(ThreadPoolExecutor.java:642)
at java.base/java.lang.Thread.run(Thread.java:1583)
... Removed 10 stack frames]]>
    </failure>
  </testcase> <!-- performScrollingOpertaionAndVerifyThePresenceOfButton -->
</testsuite> <!-- Test -->
